2026-04-06 20:03:23,146 - aqt.helper - DEBUG - helper 30032 Attempt to download checksum at https://download.qt.io/online/qtsdkrepository/windows_x86/desktop/qt6_680/qt6_680/Updates.xml.sha256
2026-04-06 20:03:35,856 - aqt.main - INFO - installer 23836 aqtinstall(aqt) v3.3.0 on Python 3.12.10 [CPython MSC v.1943 64 bit (AMD64)]
2026-04-06 20:03:35,856 - aqt.helper - DEBUG - helper 23836 Attempt to download checksum at https://download.qt.io/online/qtsdkrepository/windows_x86/desktop/qt6_680/qt6_680/Updates.xml.sha256
2026-04-06 20:03:36,817 - aqt.helper - DEBUG - helper 23836 Attempt to download checksum at https://download.qt.io/online/qtsdkrepository/windows_x86/extensions/qtwebengine/680/mingw/Updates.xml.sha256
2026-04-06 20:03:37,250 - aqt.helper - DEBUG - helper 23836 Attempt to download checksum at https://download.qt.io/online/qtsdkrepository/windows_x86/extensions/qtwebengine/680/mingw/Updates.xml.sha256
2026-04-06 20:03:37,683 - aqt.helper - DEBUG - helper 23836 Attempt to download checksum at https://download.qt.io/online/qtsdkrepository/windows_x86/extensions/qtwebengine/680/mingw/Updates.xml.sha256
2026-04-06 20:03:38,116 - aqt.helper - DEBUG - helper 23836 Attempt to download checksum at https://download.qt.io/online/qtsdkrepository/windows_x86/extensions/qtwebengine/680/mingw/Updates.xml.sha256
2026-04-06 20:03:38,548 - aqt.helper - DEBUG - helper 23836 Attempt to download checksum at https://download.qt.io/online/qtsdkrepository/windows_x86/extensions/qtwebengine/680/mingw/Updates.xml.sha256
2026-04-06 20:03:39,007 - aqt.helper - DEBUG - helper 23836 Attempt to download checksum at https://download.qt.io/online/qtsdkrepository/windows_x86/extensions/qtpdf/680/mingw/Updates.xml.sha256
2026-04-06 20:03:39,902 - aqt.archives - INFO - archives 23836 Found extension qtpdf
2026-04-06 20:03:40,509 - aqt.helper - DEBUG - helper 27596 Attempt to download checksum at https://download.qt.io/online/qtsdkrepository/windows_x86/desktop/qt6_680/qt6_680/qt.qt6.680.addons.qtmultimedia.win64_mingw/6.8.0-0-202410030750qtmultimedia-Windows-Windows_10_22H2-Mingw-Windows-Windows_10_22H2-X86_64.7z.sha256
2026-04-06 20:03:40,517 - aqt.helper - DEBUG - helper 2084 Attempt to download checksum at https://download.qt.io/online/qtsdkrepository/windows_x86/desktop/qt6_680/qt6_680/qt.qt6.680.addons.qtnetworkauth.win64_mingw/6.8.0-0-202410030750qtnetworkauth-Windows-Windows_10_22H2-Mingw-Windows-Windows_10_22H2-X86_64.7z.sha256
2026-04-06 20:03:40,517 - aqt.helper - DEBUG - helper 25136 Attempt to download checksum at https://download.qt.io/online/qtsdkrepository/windows_x86/desktop/qt6_680/qt6_680/qt.qt6.680.win64_mingw/6.8.0-0-202410030750qtbase-Windows-Windows_10_22H2-Mingw-Windows-Windows_10_22H2-X86_64.7z.sha256
2026-04-06 20:03:40,522 - aqt.helper - DEBUG - helper 18528 Attempt to download checksum at https://download.qt.io/online/qtsdkrepository/windows_x86/desktop/qt6_680/qt6_680/qt.qt6.680.win64_mingw/6.8.0-0-202410030750qtsvg-Windows-Windows_10_22H2-Mingw-Windows-Windows_10_22H2-X86_64.7z.sha256
2026-04-06 20:03:41,048 - aqt.helper - INFO - helper 27596 Downloading qtmultimedia...
2026-04-06 20:03:41,050 - aqt.installer - DEBUG - installer 27596 Download URL: https://download.qt.io/online/qtsdkrepository/windows_x86/desktop/qt6_680/qt6_680/qt.qt6.680.addons.qtmultimedia.win64_mingw/6.8.0-0-202410030750qtmultimedia-Windows-Windows_10_22H2-Mingw-Windows-Windows_10_22H2-X86_64.7z
2026-04-06 20:03:41,070 - aqt.helper - INFO - helper 25136 Downloading qtbase...
2026-04-06 20:03:41,071 - aqt.installer - DEBUG - installer 25136 Download URL: https://download.qt.io/online/qtsdkrepository/windows_x86/desktop/qt6_680/qt6_680/qt.qt6.680.win64_mingw/6.8.0-0-202410030750qtbase-Windows-Windows_10_22H2-Mingw-Windows-Windows_10_22H2-X86_64.7z
2026-04-06 20:03:41,094 - aqt.helper - INFO - helper 18528 Downloading qtsvg...
2026-04-06 20:03:41,095 - aqt.installer - DEBUG - installer 18528 Download URL: https://download.qt.io/online/qtsdkrepository/windows_x86/desktop/qt6_680/qt6_680/qt.qt6.680.win64_mingw/6.8.0-0-202410030750qtsvg-Windows-Windows_10_22H2-Mingw-Windows-Windows_10_22H2-X86_64.7z
2026-04-06 20:03:41,098 - aqt.helper - INFO - helper 2084 Downloading qtnetworkauth...
2026-04-06 20:03:41,098 - aqt.installer - DEBUG - installer 2084 Download URL: https://download.qt.io/online/qtsdkrepository/windows_x86/desktop/qt6_680/qt6_680/qt.qt6.680.addons.qtnetworkauth.win64_mingw/6.8.0-0-202410030750qtnetworkauth-Windows-Windows_10_22H2-Mingw-Windows-Windows_10_22H2-X86_64.7z
2026-04-06 20:03:41,567 - aqt.helper - DEBUG - helper 27596 Asked to redirect(302) to: https://mirrors.20i.com/pub/qt.io/online/qtsdkrepository/windows_x86/desktop/qt6_680/qt6_680/qt.qt6.680.addons.qtmultimedia.win64_mingw/6.8.0-0-202410030750qtmultimedia-Windows-Windows_10_22H2-Mingw-Windows-Windows_10_22H2-X86_64.7z
2026-04-06 20:03:41,567 - aqt.helper - INFO - helper 27596 Redirected: mirrors.20i.com
2026-04-06 20:03:41,594 - aqt.helper - DEBUG - helper 25136 Asked to redirect(302) to: https://mirrors.20i.com/pub/qt.io/online/qtsdkrepository/windows_x86/desktop/qt6_680/qt6_680/qt.qt6.680.win64_mingw/6.8.0-0-202410030750qtbase-Windows-Windows_10_22H2-Mingw-Windows-Windows_10_22H2-X86_64.7z
2026-04-06 20:03:41,594 - aqt.helper - INFO - helper 25136 Redirected: mirrors.20i.com
2026-04-06 20:03:41,608 - aqt.helper - DEBUG - helper 18528 Asked to redirect(302) to: https://mirrors.20i.com/pub/qt.io/online/qtsdkrepository/windows_x86/desktop/qt6_680/qt6_680/qt.qt6.680.win64_mingw/6.8.0-0-202410030750qtsvg-Windows-Windows_10_22H2-Mingw-Windows-Windows_10_22H2-X86_64.7z
2026-04-06 20:03:41,608 - aqt.helper - INFO - helper 18528 Redirected: mirrors.20i.com
2026-04-06 20:03:41,627 - aqt.helper - DEBUG - helper 2084 Asked to redirect(302) to: https://mirrors.20i.com/pub/qt.io/online/qtsdkrepository/windows_x86/desktop/qt6_680/qt6_680/qt.qt6.680.addons.qtnetworkauth.win64_mingw/6.8.0-0-202410030750qtnetworkauth-Windows-Windows_10_22H2-Mingw-Windows-Windows_10_22H2-X86_64.7z
2026-04-06 20:03:41,627 - aqt.helper - INFO - helper 2084 Redirected: mirrors.20i.com
2026-04-06 20:03:42,170 - aqt.installer - INFO - installer 2084 Finished installation of qtnetworkauth-Windows-Windows_10_22H2-Mingw-Windows-Windows_10_22H2-X86_64.7z in 1.65500080
2026-04-06 20:03:42,181 - aqt.helper - DEBUG - helper 2084 Attempt to download checksum at https://download.qt.io/online/qtsdkrepository/windows_x86/desktop/qt6_680/qt6_680/qt.qt6.680.win64_mingw/6.8.0-0-202410030750qtdeclarative-Windows-Windows_10_22H2-Mingw-Windows-Windows_10_22H2-X86_64.7z.sha256
2026-04-06 20:03:42,195 - aqt.installer - INFO - installer 18528 Finished installation of qtsvg-Windows-Windows_10_22H2-Mingw-Windows-Windows_10_22H2-X86_64.7z in 1.67494100
2026-04-06 20:03:42,206 - aqt.helper - DEBUG - helper 18528 Attempt to download checksum at https://download.qt.io/online/qtsdkrepository/windows_x86/desktop/qt6_680/qt6_680/qt.qt6.680.win64_mingw/6.8.0-0-202410030750qttools-Windows-Windows_10_22H2-Mingw-Windows-Windows_10_22H2-X86_64.7z.sha256
2026-04-06 20:03:42,671 - aqt.helper - INFO - helper 2084 Downloading qtdeclarative...
2026-04-06 20:03:42,671 - aqt.installer - DEBUG - installer 2084 Download URL: https://download.qt.io/online/qtsdkrepository/windows_x86/desktop/qt6_680/qt6_680/qt.qt6.680.win64_mingw/6.8.0-0-202410030750qtdeclarative-Windows-Windows_10_22H2-Mingw-Windows-Windows_10_22H2-X86_64.7z
2026-04-06 20:03:42,684 - aqt.helper - INFO - helper 18528 Downloading qttools...
2026-04-06 20:03:42,684 - aqt.installer - DEBUG - installer 18528 Download URL: https://download.qt.io/online/qtsdkrepository/windows_x86/desktop/qt6_680/qt6_680/qt.qt6.680.win64_mingw/6.8.0-0-202410030750qttools-Windows-Windows_10_22H2-Mingw-Windows-Windows_10_22H2-X86_64.7z
2026-04-06 20:03:43,155 - aqt.helper - DEBUG - helper 2084 Asked to redirect(302) to: https://mirrors.20i.com/pub/qt.io/online/qtsdkrepository/windows_x86/desktop/qt6_680/qt6_680/qt.qt6.680.win64_mingw/6.8.0-0-202410030750qtdeclarative-Windows-Windows_10_22H2-Mingw-Windows-Windows_10_22H2-X86_64.7z
2026-04-06 20:03:43,155 - aqt.helper - INFO - helper 2084 Redirected: mirrors.20i.com
2026-04-06 20:03:43,181 - aqt.helper - DEBUG - helper 18528 Asked to redirect(302) to: https://mirrors.20i.com/pub/qt.io/online/qtsdkrepository/windows_x86/desktop/qt6_680/qt6_680/qt.qt6.680.win64_mingw/6.8.0-0-202410030750qttools-Windows-Windows_10_22H2-Mingw-Windows-Windows_10_22H2-X86_64.7z
2026-04-06 20:03:43,181 - aqt.helper - INFO - helper 18528 Redirected: mirrors.20i.com
2026-04-06 20:03:45,543 - aqt.installer - INFO - installer 27596 Finished installation of qtmultimedia-Windows-Windows_10_22H2-Mingw-Windows-Windows_10_22H2-X86_64.7z in 5.03433300
2026-04-06 20:03:45,555 - aqt.helper - DEBUG - helper 27596 Attempt to download checksum at https://download.qt.io/online/qtsdkrepository/windows_x86/desktop/qt6_680/qt6_680/qt.qt6.680.win64_mingw/6.8.0-0-202410030750qttranslations-Windows-Windows_10_22H2-Mingw-Windows-Windows_10_22H2-X86_64.7z.sha256
2026-04-06 20:03:46,035 - aqt.helper - INFO - helper 27596 Downloading qttranslations...
2026-04-06 20:03:46,035 - aqt.installer - DEBUG - installer 27596 Download URL: https://download.qt.io/online/qtsdkrepository/windows_x86/desktop/qt6_680/qt6_680/qt.qt6.680.win64_mingw/6.8.0-0-202410030750qttranslations-Windows-Windows_10_22H2-Mingw-Windows-Windows_10_22H2-X86_64.7z
2026-04-06 20:03:46,493 - aqt.helper - DEBUG - helper 27596 Asked to redirect(302) to: https://mirrors.20i.com/pub/qt.io/online/qtsdkrepository/windows_x86/desktop/qt6_680/qt6_680/qt.qt6.680.win64_mingw/6.8.0-0-202410030750qttranslations-Windows-Windows_10_22H2-Mingw-Windows-Windows_10_22H2-X86_64.7z
2026-04-06 20:03:46,493 - aqt.helper - INFO - helper 27596 Redirected: mirrors.20i.com
2026-04-06 20:03:46,889 - aqt.installer - INFO - installer 18528 Finished installation of qttools-Windows-Windows_10_22H2-Mingw-Windows-Windows_10_22H2-X86_64.7z in 4.68504500
2026-04-06 20:03:46,903 - aqt.helper - DEBUG - helper 18528 Attempt to download checksum at https://download.qt.io/online/qtsdkrepository/windows_x86/desktop/qt6_680/qt6_680/qt.qt6.680.win64_mingw/6.8.0-0-202410030750MinGW-w64-x86_64-13.1.0-release-posix-seh-msvcrt-rt_v11-rev1-runtime.7z.sha256
2026-04-06 20:03:47,314 - aqt.installer - INFO - installer 27596 Finished installation of qttranslations-Windows-Windows_10_22H2-Mingw-Windows-Windows_10_22H2-X86_64.7z in 1.75938300
2026-04-06 20:03:47,325 - aqt.helper - DEBUG - helper 27596 Attempt to download checksum at https://download.qt.io/online/qtsdkrepository/windows_x86/desktop/qt6_680/qt6_680/qt.qt6.680.win64_mingw/6.8.0-0-202410030750d3dcompiler_47-x64.7z.sha256
2026-04-06 20:03:47,371 - aqt.helper - INFO - helper 18528 Downloading MinGW...
2026-04-06 20:03:47,371 - aqt.installer - DEBUG - installer 18528 Download URL: https://download.qt.io/online/qtsdkrepository/windows_x86/desktop/qt6_680/qt6_680/qt.qt6.680.win64_mingw/6.8.0-0-202410030750MinGW-w64-x86_64-13.1.0-release-posix-seh-msvcrt-rt_v11-rev1-runtime.7z
2026-04-06 20:03:47,670 - aqt.installer - INFO - installer 25136 Finished installation of qtbase-Windows-Windows_10_22H2-Mingw-Windows-Windows_10_22H2-X86_64.7z in 7.15458670
2026-04-06 20:03:47,687 - aqt.helper - DEBUG - helper 25136 Attempt to download checksum at https://download.qt.io/online/qtsdkrepository/windows_x86/desktop/qt6_680/qt6_680/qt.qt6.680.win64_mingw/6.8.0-0-202410030750opengl32sw-64-mesa_11_2_2-signed_sha256.7z.sha256
2026-04-06 20:03:47,800 - aqt.helper - INFO - helper 27596 Downloading d3dcompiler_47...
2026-04-06 20:03:47,800 - aqt.installer - DEBUG - installer 27596 Download URL: https://download.qt.io/online/qtsdkrepository/windows_x86/desktop/qt6_680/qt6_680/qt.qt6.680.win64_mingw/6.8.0-0-202410030750d3dcompiler_47-x64.7z
2026-04-06 20:03:47,860 - aqt.helper - DEBUG - helper 18528 Asked to redirect(302) to: https://mirrors.20i.com/pub/qt.io/online/qtsdkrepository/windows_x86/desktop/qt6_680/qt6_680/qt.qt6.680.win64_mingw/6.8.0-0-202410030750MinGW-w64-x86_64-13.1.0-release-posix-seh-msvcrt-rt_v11-rev1-runtime.7z
2026-04-06 20:03:47,860 - aqt.helper - INFO - helper 18528 Redirected: mirrors.20i.com
2026-04-06 20:03:48,152 - aqt.helper - INFO - helper 25136 Downloading opengl32sw...
2026-04-06 20:03:48,152 - aqt.installer - DEBUG - installer 25136 Download URL: https://download.qt.io/online/qtsdkrepository/windows_x86/desktop/qt6_680/qt6_680/qt.qt6.680.win64_mingw/6.8.0-0-202410030750opengl32sw-64-mesa_11_2_2-signed_sha256.7z
2026-04-06 20:03:48,308 - aqt.helper - DEBUG - helper 27596 Asked to redirect(302) to: https://mirrors.20i.com/pub/qt.io/online/qtsdkrepository/windows_x86/desktop/qt6_680/qt6_680/qt.qt6.680.win64_mingw/6.8.0-0-202410030750d3dcompiler_47-x64.7z
2026-04-06 20:03:48,308 - aqt.helper - INFO - helper 27596 Redirected: mirrors.20i.com
2026-04-06 20:03:48,375 - aqt.installer - INFO - installer 18528 Finished installation of MinGW-w64-x86_64-13.1.0-release-posix-seh-msvcrt-rt_v11-rev1-runtime.7z in 1.47335460
2026-04-06 20:03:48,622 - aqt.helper - DEBUG - helper 25136 Asked to redirect(302) to: https://mirrors.20i.com/pub/qt.io/online/qtsdkrepository/windows_x86/desktop/qt6_680/qt6_680/qt.qt6.680.win64_mingw/6.8.0-0-202410030750opengl32sw-64-mesa_11_2_2-signed_sha256.7z
2026-04-06 20:03:48,622 - aqt.helper - INFO - helper 25136 Redirected: mirrors.20i.com
2026-04-06 20:03:48,855 - aqt.installer - INFO - installer 27596 Finished installation of d3dcompiler_47-x64.7z in 1.53196620
2026-04-06 20:03:49,414 - aqt.installer - INFO - installer 25136 Finished installation of opengl32sw-64-mesa_11_2_2-signed_sha256.7z in 1.72886340
2026-04-06 20:04:03,336 - aqt.installer - INFO - installer 2084 Finished installation of qtdeclarative-Windows-Windows_10_22H2-Mingw-Windows-Windows_10_22H2-X86_64.7z in 21.15622400
2026-04-06 20:04:03,674 - aqt.updater - INFO - updater 23836 Patching C:\Qt\6.8.0\mingw_64\bin\qmake.exe
2026-04-06 20:04:03,678 - aqt.updater - INFO - updater 23836 Patching C:\Qt\6.8.0\mingw_64\lib\pkgconfig\Qt6Concurrent.pc
2026-04-06 20:04:03,686 - aqt.updater - INFO - updater 23836 Patching C:\Qt\6.8.0\mingw_64\lib\pkgconfig\Qt6Core.pc
2026-04-06 20:04:03,691 - aqt.updater - INFO - updater 23836 Patching C:\Qt\6.8.0\mingw_64\lib\pkgconfig\Qt6DBus.pc
2026-04-06 20:04:03,697 - aqt.updater - INFO - updater 23836 Patching C:\Qt\6.8.0\mingw_64\lib\pkgconfig\Qt6Designer.pc
2026-04-06 20:04:03,702 - aqt.updater - INFO - updater 23836 Patching C:\Qt\6.8.0\mingw_64\lib\pkgconfig\Qt6Gui.pc
2026-04-06 20:04:03,708 - aqt.updater - INFO - updater 23836 Patching C:\Qt\6.8.0\mingw_64\lib\pkgconfig\Qt6Help.pc
2026-04-06 20:04:03,713 - aqt.updater - INFO - updater 23836 Patching C:\Qt\6.8.0\mingw_64\lib\pkgconfig\Qt6LabsAnimation.pc
2026-04-06 20:04:03,719 - aqt.updater - INFO - updater 23836 Patching C:\Qt\6.8.0\mingw_64\lib\pkgconfig\Qt6LabsFolderListModel.pc
2026-04-06 20:04:03,725 - aqt.updater - INFO - updater 23836 Patching C:\Qt\6.8.0\mingw_64\lib\pkgconfig\Qt6LabsPlatform.pc
2026-04-06 20:04:03,732 - aqt.updater - INFO - updater 23836 Patching C:\Qt\6.8.0\mingw_64\lib\pkgconfig\Qt6LabsQmlModels.pc
2026-04-06 20:04:03,739 - aqt.updater - INFO - updater 23836 Patching C:\Qt\6.8.0\mingw_64\lib\pkgconfig\Qt6LabsSettings.pc
2026-04-06 20:04:03,745 - aqt.updater - INFO - updater 23836 Patching C:\Qt\6.8.0\mingw_64\lib\pkgconfig\Qt6LabsSharedImage.pc
2026-04-06 20:04:03,752 - aqt.updater - INFO - updater 23836 Patching C:\Qt\6.8.0\mingw_64\lib\pkgconfig\Qt6LabsWavefrontMesh.pc
2026-04-06 20:04:03,760 - aqt.updater - INFO - updater 23836 Patching C:\Qt\6.8.0\mingw_64\lib\pkgconfig\Qt6Linguist.pc
2026-04-06 20:04:03,765 - aqt.updater - INFO - updater 23836 Patching C:\Qt\6.8.0\mingw_64\lib\pkgconfig\Qt6Multimedia.pc
2026-04-06 20:04:03,771 - aqt.updater - INFO - updater 23836 Patching C:\Qt\6.8.0\mingw_64\lib\pkgconfig\Qt6MultimediaWidgets.pc
2026-04-06 20:04:03,778 - aqt.updater - INFO - updater 23836 Patching C:\Qt\6.8.0\mingw_64\lib\pkgconfig\Qt6Network.pc
2026-04-06 20:04:03,784 - aqt.updater - INFO - updater 23836 Patching C:\Qt\6.8.0\mingw_64\lib\pkgconfig\Qt6NetworkAuth.pc
2026-04-06 20:04:03,790 - aqt.updater - INFO - updater 23836 Patching C:\Qt\6.8.0\mingw_64\lib\pkgconfig\Qt6OpenGL.pc
2026-04-06 20:04:03,796 - aqt.updater - INFO - updater 23836 Patching C:\Qt\6.8.0\mingw_64\lib\pkgconfig\Qt6OpenGLWidgets.pc
2026-04-06 20:04:03,802 - aqt.updater - INFO - updater 23836 Patching C:\Qt\6.8.0\mingw_64\lib\pkgconfig\Qt6Platform.pc
2026-04-06 20:04:03,808 - aqt.updater - INFO - updater 23836 Patching C:\Qt\6.8.0\mingw_64\lib\pkgconfig\Qt6PrintSupport.pc
2026-04-06 20:04:03,814 - aqt.updater - INFO - updater 23836 Patching C:\Qt\6.8.0\mingw_64\lib\pkgconfig\Qt6Qml.pc
2026-04-06 20:04:03,822 - aqt.updater - INFO - updater 23836 Patching C:\Qt\6.8.0\mingw_64\lib\pkgconfig\Qt6QmlAssetDownloader.pc
2026-04-06 20:04:03,826 - aqt.updater - INFO - updater 23836 Patching C:\Qt\6.8.0\mingw_64\lib\pkgconfig\Qt6QmlCompiler.pc
2026-04-06 20:04:03,834 - aqt.updater - INFO - updater 23836 Patching C:\Qt\6.8.0\mingw_64\lib\pkgconfig\Qt6QmlCore.pc
2026-04-06 20:04:03,839 - aqt.updater - INFO - updater 23836 Patching C:\Qt\6.8.0\mingw_64\lib\pkgconfig\Qt6QmlIntegration.pc
2026-04-06 20:04:03,845 - aqt.updater - INFO - updater 23836 Patching C:\Qt\6.8.0\mingw_64\lib\pkgconfig\Qt6QmlLocalStorage.pc
2026-04-06 20:04:03,852 - aqt.updater - INFO - updater 23836 Patching C:\Qt\6.8.0\mingw_64\lib\pkgconfig\Qt6QmlMeta.pc
2026-04-06 20:04:03,857 - aqt.updater - INFO - updater 23836 Patching C:\Qt\6.8.0\mingw_64\lib\pkgconfig\Qt6QmlModels.pc
2026-04-06 20:04:03,863 - aqt.updater - INFO - updater 23836 Patching C:\Qt\6.8.0\mingw_64\lib\pkgconfig\Qt6QmlNetwork.pc
2026-04-06 20:04:03,869 - aqt.updater - INFO - updater 23836 Patching C:\Qt\6.8.0\mingw_64\lib\pkgconfig\Qt6QmlWorkerScript.pc
2026-04-06 20:04:03,875 - aqt.updater - INFO - updater 23836 Patching C:\Qt\6.8.0\mingw_64\lib\pkgconfig\Qt6QmlXmlListModel.pc
2026-04-06 20:04:03,881 - aqt.updater - INFO - updater 23836 Patching C:\Qt\6.8.0\mingw_64\lib\pkgconfig\Qt6Quick.pc
2026-04-06 20:04:03,886 - aqt.updater - INFO - updater 23836 Patching C:\Qt\6.8.0\mingw_64\lib\pkgconfig\Qt6QuickControls2.pc
2026-04-06 20:04:03,890 - aqt.updater - INFO - updater 23836 Patching C:\Qt\6.8.0\mingw_64\lib\pkgconfig\Qt6QuickControls2Basic.pc
2026-04-06 20:04:03,896 - aqt.updater - INFO - updater 23836 Patching C:\Qt\6.8.0\mingw_64\lib\pkgconfig\Qt6QuickControls2BasicStyleImpl.pc
2026-04-06 20:04:03,902 - aqt.updater - INFO - updater 23836 Patching C:\Qt\6.8.0\mingw_64\lib\pkgconfig\Qt6QuickControls2FluentWinUI3StyleImpl.pc
2026-04-06 20:04:03,907 - aqt.updater - INFO - updater 23836 Patching C:\Qt\6.8.0\mingw_64\lib\pkgconfig\Qt6QuickControls2Fusion.pc
2026-04-06 20:04:03,911 - aqt.updater - INFO - updater 23836 Patching C:\Qt\6.8.0\mingw_64\lib\pkgconfig\Qt6QuickControls2FusionStyleImpl.pc
2026-04-06 20:04:03,916 - aqt.updater - INFO - updater 23836 Patching C:\Qt\6.8.0\mingw_64\lib\pkgconfig\Qt6QuickControls2Imagine.pc
2026-04-06 20:04:03,922 - aqt.updater - INFO - updater 23836 Patching C:\Qt\6.8.0\mingw_64\lib\pkgconfig\Qt6QuickControls2ImagineStyleImpl.pc
2026-04-06 20:04:03,927 - aqt.updater - INFO - updater 23836 Patching C:\Qt\6.8.0\mingw_64\lib\pkgconfig\Qt6QuickControls2Impl.pc
2026-04-06 20:04:03,932 - aqt.updater - INFO - updater 23836 Patching C:\Qt\6.8.0\mingw_64\lib\pkgconfig\Qt6QuickControls2Material.pc
2026-04-06 20:04:03,939 - aqt.updater - INFO - updater 23836 Patching C:\Qt\6.8.0\mingw_64\lib\pkgconfig\Qt6QuickControls2MaterialStyleImpl.pc
2026-04-06 20:04:03,944 - aqt.updater - INFO - updater 23836 Patching C:\Qt\6.8.0\mingw_64\lib\pkgconfig\Qt6QuickControls2Universal.pc
2026-04-06 20:04:03,948 - aqt.updater - INFO - updater 23836 Patching C:\Qt\6.8.0\mingw_64\lib\pkgconfig\Qt6QuickControls2UniversalStyleImpl.pc
2026-04-06 20:04:03,954 - aqt.updater - INFO - updater 23836 Patching C:\Qt\6.8.0\mingw_64\lib\pkgconfig\Qt6QuickControls2WindowsStyleImpl.pc
2026-04-06 20:04:03,959 - aqt.updater - INFO - updater 23836 Patching C:\Qt\6.8.0\mingw_64\lib\pkgconfig\Qt6QuickDialogs2.pc
2026-04-06 20:04:03,964 - aqt.updater - INFO - updater 23836 Patching C:\Qt\6.8.0\mingw_64\lib\pkgconfig\Qt6QuickDialogs2QuickImpl.pc
2026-04-06 20:04:03,970 - aqt.updater - INFO - updater 23836 Patching C:\Qt\6.8.0\mingw_64\lib\pkgconfig\Qt6QuickDialogs2Utils.pc
2026-04-06 20:04:03,975 - aqt.updater - INFO - updater 23836 Patching C:\Qt\6.8.0\mingw_64\lib\pkgconfig\Qt6QuickLayouts.pc
2026-04-06 20:04:03,979 - aqt.updater - INFO - updater 23836 Patching C:\Qt\6.8.0\mingw_64\lib\pkgconfig\Qt6QuickTemplates2.pc
2026-04-06 20:04:03,986 - aqt.updater - INFO - updater 23836 Patching C:\Qt\6.8.0\mingw_64\lib\pkgconfig\Qt6QuickTest.pc
2026-04-06 20:04:03,991 - aqt.updater - INFO - updater 23836 Patching C:\Qt\6.8.0\mingw_64\lib\pkgconfig\Qt6QuickVectorImage.pc
2026-04-06 20:04:03,995 - aqt.updater - INFO - updater 23836 Patching C:\Qt\6.8.0\mingw_64\lib\pkgconfig\Qt6QuickWidgets.pc
2026-04-06 20:04:04,000 - aqt.updater - INFO - updater 23836 Patching C:\Qt\6.8.0\mingw_64\lib\pkgconfig\Qt6SpatialAudio.pc
2026-04-06 20:04:04,005 - aqt.updater - INFO - updater 23836 Patching C:\Qt\6.8.0\mingw_64\lib\pkgconfig\Qt6Sql.pc
2026-04-06 20:04:04,011 - aqt.updater - INFO - updater 23836 Patching C:\Qt\6.8.0\mingw_64\lib\pkgconfig\Qt6Svg.pc
2026-04-06 20:04:04,015 - aqt.updater - INFO - updater 23836 Patching C:\Qt\6.8.0\mingw_64\lib\pkgconfig\Qt6SvgWidgets.pc
2026-04-06 20:04:04,021 - aqt.updater - INFO - updater 23836 Patching C:\Qt\6.8.0\mingw_64\lib\pkgconfig\Qt6Test.pc
2026-04-06 20:04:04,027 - aqt.updater - INFO - updater 23836 Patching C:\Qt\6.8.0\mingw_64\lib\pkgconfig\Qt6UiPlugin.pc
2026-04-06 20:04:04,031 - aqt.updater - INFO - updater 23836 Patching C:\Qt\6.8.0\mingw_64\lib\pkgconfig\Qt6UiTools.pc
2026-04-06 20:04:04,036 - aqt.updater - INFO - updater 23836 Patching C:\Qt\6.8.0\mingw_64\lib\pkgconfig\Qt6Widgets.pc
2026-04-06 20:04:04,041 - aqt.updater - INFO - updater 23836 Patching C:\Qt\6.8.0\mingw_64\lib\pkgconfig\Qt6Xml.pc
2026-04-06 20:04:04,048 - aqt.updater - INFO - updater 23836 Patching C:\Qt\6.8.0\mingw_64\lib\Qt6Concurrent.prl
2026-04-06 20:04:04,053 - aqt.updater - INFO - updater 23836 Patching C:\Qt\6.8.0\mingw_64\lib\Qt6Core.prl
2026-04-06 20:04:04,058 - aqt.updater - INFO - updater 23836 Patching C:\Qt\6.8.0\mingw_64\lib\Qt6DBus.prl
2026-04-06 20:04:04,063 - aqt.updater - INFO - updater 23836 Patching C:\Qt\6.8.0\mingw_64\lib\Qt6Designer.prl
2026-04-06 20:04:04,066 - aqt.updater - INFO - updater 23836 Patching C:\Qt\6.8.0\mingw_64\lib\Qt6DesignerComponents.prl
2026-04-06 20:04:04,072 - aqt.updater - INFO - updater 23836 Patching C:\Qt\6.8.0\mingw_64\lib\Qt6DeviceDiscoverySupport.prl
2026-04-06 20:04:04,078 - aqt.updater - INFO - updater 23836 Patching C:\Qt\6.8.0\mingw_64\lib\Qt6EntryPoint.prl
2026-04-06 20:04:04,084 - aqt.updater - INFO - updater 23836 Patching C:\Qt\6.8.0\mingw_64\lib\Qt6ExampleIcons.prl
2026-04-06 20:04:04,089 - aqt.updater - INFO - updater 23836 Patching C:\Qt\6.8.0\mingw_64\lib\Qt6ExamplesAssetDownloader.prl
2026-04-06 20:04:04,094 - aqt.updater - INFO - updater 23836 Patching C:\Qt\6.8.0\mingw_64\lib\Qt6FbSupport.prl
2026-04-06 20:04:04,099 - aqt.updater - INFO - updater 23836 Patching C:\Qt\6.8.0\mingw_64\lib\Qt6Gui.prl
2026-04-06 20:04:04,105 - aqt.updater - INFO - updater 23836 Patching C:\Qt\6.8.0\mingw_64\lib\Qt6Help.prl
2026-04-06 20:04:04,109 - aqt.updater - INFO - updater 23836 Patching C:\Qt\6.8.0\mingw_64\lib\Qt6LabsAnimation.prl
2026-04-06 20:04:04,114 - aqt.updater - INFO - updater 23836 Patching C:\Qt\6.8.0\mingw_64\lib\Qt6LabsFolderListModel.prl
2026-04-06 20:04:04,121 - aqt.updater - INFO - updater 23836 Patching C:\Qt\6.8.0\mingw_64\lib\Qt6LabsPlatform.prl
2026-04-06 20:04:04,126 - aqt.updater - INFO - updater 23836 Patching C:\Qt\6.8.0\mingw_64\lib\Qt6LabsQmlModels.prl
2026-04-06 20:04:04,131 - aqt.updater - INFO - updater 23836 Patching C:\Qt\6.8.0\mingw_64\lib\Qt6LabsSettings.prl
2026-04-06 20:04:04,137 - aqt.updater - INFO - updater 23836 Patching C:\Qt\6.8.0\mingw_64\lib\Qt6LabsSharedImage.prl
2026-04-06 20:04:04,144 - aqt.updater - INFO - updater 23836 Patching C:\Qt\6.8.0\mingw_64\lib\Qt6LabsWavefrontMesh.prl
2026-04-06 20:04:04,149 - aqt.updater - INFO - updater 23836 Patching C:\Qt\6.8.0\mingw_64\lib\Qt6Multimedia.prl
2026-04-06 20:04:04,155 - aqt.updater - INFO - updater 23836 Patching C:\Qt\6.8.0\mingw_64\lib\Qt6MultimediaQuick.prl
2026-04-06 20:04:04,162 - aqt.updater - INFO - updater 23836 Patching C:\Qt\6.8.0\mingw_64\lib\Qt6MultimediaWidgets.prl
2026-04-06 20:04:04,169 - aqt.updater - INFO - updater 23836 Patching C:\Qt\6.8.0\mingw_64\lib\Qt6Network.prl
2026-04-06 20:04:04,176 - aqt.updater - INFO - updater 23836 Patching C:\Qt\6.8.0\mingw_64\lib\Qt6NetworkAuth.prl
2026-04-06 20:04:04,180 - aqt.updater - INFO - updater 23836 Patching C:\Qt\6.8.0\mingw_64\lib\Qt6OpenGL.prl
2026-04-06 20:04:04,186 - aqt.updater - INFO - updater 23836 Patching C:\Qt\6.8.0\mingw_64\lib\Qt6OpenGLWidgets.prl
2026-04-06 20:04:04,192 - aqt.updater - INFO - updater 23836 Patching C:\Qt\6.8.0\mingw_64\lib\Qt6PacketProtocol.prl
2026-04-06 20:04:04,198 - aqt.updater - INFO - updater 23836 Patching C:\Qt\6.8.0\mingw_64\lib\Qt6PrintSupport.prl
2026-04-06 20:04:04,204 - aqt.updater - INFO - updater 23836 Patching C:\Qt\6.8.0\mingw_64\lib\Qt6Qml.prl
2026-04-06 20:04:04,209 - aqt.updater - INFO - updater 23836 Patching C:\Qt\6.8.0\mingw_64\lib\Qt6QmlAssetDownloader.prl
2026-04-06 20:04:04,216 - aqt.updater - INFO - updater 23836 Patching C:\Qt\6.8.0\mingw_64\lib\Qt6QmlCompiler.prl
2026-04-06 20:04:04,223 - aqt.updater - INFO - updater 23836 Patching C:\Qt\6.8.0\mingw_64\lib\Qt6QmlCore.prl
2026-04-06 20:04:04,228 - aqt.updater - INFO - updater 23836 Patching C:\Qt\6.8.0\mingw_64\lib\Qt6QmlDebug.prl
2026-04-06 20:04:04,231 - aqt.updater - INFO - updater 23836 Patching C:\Qt\6.8.0\mingw_64\lib\Qt6QmlDom.prl
2026-04-06 20:04:04,237 - aqt.updater - INFO - updater 23836 Patching C:\Qt\6.8.0\mingw_64\lib\Qt6QmlLocalStorage.prl
2026-04-06 20:04:04,242 - aqt.updater - INFO - updater 23836 Patching C:\Qt\6.8.0\mingw_64\lib\Qt6QmlLS.prl
2026-04-06 20:04:04,247 - aqt.updater - INFO - updater 23836 Patching C:\Qt\6.8.0\mingw_64\lib\Qt6QmlMeta.prl
2026-04-06 20:04:04,253 - aqt.updater - INFO - updater 23836 Patching C:\Qt\6.8.0\mingw_64\lib\Qt6QmlModels.prl
2026-04-06 20:04:04,260 - aqt.updater - INFO - updater 23836 Patching C:\Qt\6.8.0\mingw_64\lib\Qt6QmlNetwork.prl
2026-04-06 20:04:04,265 - aqt.updater - INFO - updater 23836 Patching C:\Qt\6.8.0\mingw_64\lib\Qt6QmlToolingSettings.prl
2026-04-06 20:04:04,271 - aqt.updater - INFO - updater 23836 Patching C:\Qt\6.8.0\mingw_64\lib\Qt6QmlTypeRegistrar.prl
2026-04-06 20:04:04,277 - aqt.updater - INFO - updater 23836 Patching C:\Qt\6.8.0\mingw_64\lib\Qt6QmlWorkerScript.prl
2026-04-06 20:04:04,281 - aqt.updater - INFO - updater 23836 Patching C:\Qt\6.8.0\mingw_64\lib\Qt6QmlXmlListModel.prl
2026-04-06 20:04:04,286 - aqt.updater - INFO - updater 23836 Patching C:\Qt\6.8.0\mingw_64\lib\Qt6Quick.prl
2026-04-06 20:04:04,291 - aqt.updater - INFO - updater 23836 Patching C:\Qt\6.8.0\mingw_64\lib\Qt6Quick3DSpatialAudio.prl
2026-04-06 20:04:04,297 - aqt.updater - INFO - updater 23836 Patching C:\Qt\6.8.0\mingw_64\lib\Qt6QuickControls2.prl
2026-04-06 20:04:04,301 - aqt.updater - INFO - updater 23836 Patching C:\Qt\6.8.0\mingw_64\lib\Qt6QuickControls2Basic.prl
2026-04-06 20:04:04,308 - aqt.updater - INFO - updater 23836 Patching C:\Qt\6.8.0\mingw_64\lib\Qt6QuickControls2BasicStyleImpl.prl
2026-04-06 20:04:04,313 - aqt.updater - INFO - updater 23836 Patching C:\Qt\6.8.0\mingw_64\lib\Qt6QuickControls2FluentWinUI3StyleImpl.prl
2026-04-06 20:04:04,318 - aqt.updater - INFO - updater 23836 Patching C:\Qt\6.8.0\mingw_64\lib\Qt6QuickControls2Fusion.prl
2026-04-06 20:04:04,325 - aqt.updater - INFO - updater 23836 Patching C:\Qt\6.8.0\mingw_64\lib\Qt6QuickControls2FusionStyleImpl.prl
2026-04-06 20:04:04,330 - aqt.updater - INFO - updater 23836 Patching C:\Qt\6.8.0\mingw_64\lib\Qt6QuickControls2Imagine.prl
2026-04-06 20:04:04,336 - aqt.updater - INFO - updater 23836 Patching C:\Qt\6.8.0\mingw_64\lib\Qt6QuickControls2ImagineStyleImpl.prl
2026-04-06 20:04:04,343 - aqt.updater - INFO - updater 23836 Patching C:\Qt\6.8.0\mingw_64\lib\Qt6QuickControls2Impl.prl
2026-04-06 20:04:04,348 - aqt.updater - INFO - updater 23836 Patching C:\Qt\6.8.0\mingw_64\lib\Qt6QuickControls2Material.prl
2026-04-06 20:04:04,354 - aqt.updater - INFO - updater 23836 Patching C:\Qt\6.8.0\mingw_64\lib\Qt6QuickControls2MaterialStyleImpl.prl
2026-04-06 20:04:04,360 - aqt.updater - INFO - updater 23836 Patching C:\Qt\6.8.0\mingw_64\lib\Qt6QuickControls2Universal.prl
2026-04-06 20:04:04,365 - aqt.updater - INFO - updater 23836 Patching C:\Qt\6.8.0\mingw_64\lib\Qt6QuickControls2UniversalStyleImpl.prl
2026-04-06 20:04:04,370 - aqt.updater - INFO - updater 23836 Patching C:\Qt\6.8.0\mingw_64\lib\Qt6QuickControls2WindowsStyleImpl.prl
2026-04-06 20:04:04,376 - aqt.updater - INFO - updater 23836 Patching C:\Qt\6.8.0\mingw_64\lib\Qt6QuickControlsTestUtils.prl
2026-04-06 20:04:04,382 - aqt.updater - INFO - updater 23836 Patching C:\Qt\6.8.0\mingw_64\lib\Qt6QuickDialogs2.prl
2026-04-06 20:04:04,387 - aqt.updater - INFO - updater 23836 Patching C:\Qt\6.8.0\mingw_64\lib\Qt6QuickDialogs2QuickImpl.prl
2026-04-06 20:04:04,393 - aqt.updater - INFO - updater 23836 Patching C:\Qt\6.8.0\mingw_64\lib\Qt6QuickDialogs2Utils.prl
2026-04-06 20:04:04,397 - aqt.updater - INFO - updater 23836 Patching C:\Qt\6.8.0\mingw_64\lib\Qt6QuickEffects.prl
2026-04-06 20:04:04,403 - aqt.updater - INFO - updater 23836 Patching C:\Qt\6.8.0\mingw_64\lib\Qt6QuickLayouts.prl
2026-04-06 20:04:04,409 - aqt.updater - INFO - updater 23836 Patching C:\Qt\6.8.0\mingw_64\lib\Qt6QuickParticles.prl
2026-04-06 20:04:04,413 - aqt.updater - INFO - updater 23836 Patching C:\Qt\6.8.0\mingw_64\lib\Qt6QuickShapes.prl
2026-04-06 20:04:04,418 - aqt.updater - INFO - updater 23836 Patching C:\Qt\6.8.0\mingw_64\lib\Qt6QuickTemplates2.prl
2026-04-06 20:04:04,424 - aqt.updater - INFO - updater 23836 Patching C:\Qt\6.8.0\mingw_64\lib\Qt6QuickTest.prl
2026-04-06 20:04:04,428 - aqt.updater - INFO - updater 23836 Patching C:\Qt\6.8.0\mingw_64\lib\Qt6QuickTestUtils.prl
2026-04-06 20:04:04,434 - aqt.updater - INFO - updater 23836 Patching C:\Qt\6.8.0\mingw_64\lib\Qt6QuickVectorImage.prl
2026-04-06 20:04:04,440 - aqt.updater - INFO - updater 23836 Patching C:\Qt\6.8.0\mingw_64\lib\Qt6QuickVectorImageGenerator.prl
2026-04-06 20:04:04,446 - aqt.updater - INFO - updater 23836 Patching C:\Qt\6.8.0\mingw_64\lib\Qt6QuickWidgets.prl
2026-04-06 20:04:04,451 - aqt.updater - INFO - updater 23836 Patching C:\Qt\6.8.0\mingw_64\lib\Qt6SpatialAudio.prl
2026-04-06 20:04:04,457 - aqt.updater - INFO - updater 23836 Patching C:\Qt\6.8.0\mingw_64\lib\Qt6Sql.prl
2026-04-06 20:04:04,462 - aqt.updater - INFO - updater 23836 Patching C:\Qt\6.8.0\mingw_64\lib\Qt6Svg.prl
2026-04-06 20:04:04,467 - aqt.updater - INFO - updater 23836 Patching C:\Qt\6.8.0\mingw_64\lib\Qt6SvgWidgets.prl
2026-04-06 20:04:04,473 - aqt.updater - INFO - updater 23836 Patching C:\Qt\6.8.0\mingw_64\lib\Qt6Test.prl
2026-04-06 20:04:04,477 - aqt.updater - INFO - updater 23836 Patching C:\Qt\6.8.0\mingw_64\lib\Qt6UiTools.prl
2026-04-06 20:04:04,483 - aqt.updater - INFO - updater 23836 Patching C:\Qt\6.8.0\mingw_64\lib\Qt6Widgets.prl
2026-04-06 20:04:04,487 - aqt.updater - INFO - updater 23836 Patching C:\Qt\6.8.0\mingw_64\lib\Qt6Xml.prl
2026-04-06 20:04:04,493 - aqt.main - INFO - installer 23836 Finished installation
2026-04-06 20:04:04,493 - aqt.main - INFO - installer 23836 Time elapsed: 28.63769670 second
2026-04-06 20:04:26,671 - aqt.helper - DEBUG - helper 10160 Attempt to download checksum at https://download.qt.io/online/qtsdkrepository/windows_x86/desktop/tools_mingw1310/Updates.xml.sha256
2026-04-06 20:05:36,923 - aqt.main - INFO - installer 24196 aqtinstall(aqt) v3.3.0 on Python 3.12.10 [CPython MSC v.1943 64 bit (AMD64)]
2026-04-06 20:05:36,925 - aqt.helper - DEBUG - helper 24196 Attempt to download checksum at https://download.qt.io/online/qtsdkrepository/windows_x86/desktop/tools_qt.tools.win64_mingw1310/Updates.xml.sha256
2026-04-06 20:05:37,402 - aqt.helper - DEBUG - helper 24196 Attempt to download checksum at https://download.qt.io/online/qtsdkrepository/windows_x86/desktop/tools_qt.tools.win64_mingw1310/Updates.xml.sha256
2026-04-06 20:05:37,843 - aqt.helper - DEBUG - helper 24196 Attempt to download checksum at https://download.qt.io/online/qtsdkrepository/windows_x86/desktop/tools_qt.tools.win64_mingw1310/Updates.xml.sha256
2026-04-06 20:05:38,277 - aqt.helper - DEBUG - helper 24196 Attempt to download checksum at https://download.qt.io/online/qtsdkrepository/windows_x86/desktop/tools_qt.tools.win64_mingw1310/Updates.xml.sha256
2026-04-06 20:05:38,712 - aqt.helper - DEBUG - helper 24196 Attempt to download checksum at https://download.qt.io/online/qtsdkrepository/windows_x86/desktop/tools_qt.tools.win64_mingw1310/Updates.xml.sha256
2026-04-06 20:05:39,140 - aqt.main - ERROR - installer 24196 Failed to locate XML data for the tool 'qt.tools.win64_mingw1310'.
==============================Suggested follow-up:==============================
* Please use 'aqt list-tool windows desktop' to check what tools are available.
2026-04-06 20:05:49,125 - aqt.main - INFO - installer 8212 aqtinstall(aqt) v3.3.0 on Python 3.12.10 [CPython MSC v.1943 64 bit (AMD64)]
2026-04-06 20:05:49,126 - aqt.helper - DEBUG - helper 8212 Attempt to download checksum at https://download.qt.io/online/qtsdkrepository/windows_x86/desktop/tools_mingw1310/Updates.xml.sha256
2026-04-06 20:05:50,050 - aqt.helper - DEBUG - helper 8212 Attempt to download checksum at https://download.qt.io/online/qtsdkrepository/windows_x86/desktop/tools_mingw1310/Updates.xml.sha256
2026-04-06 20:05:51,374 - aqt.helper - DEBUG - helper 1524 Attempt to download checksum at https://download.qt.io/online/qtsdkrepository/windows_x86/desktop/tools_mingw1310/qt.tools.win64_mingw1310/13.1.0-202407240918mingw1310.7z.sha256
2026-04-06 20:05:51,815 - aqt.helper - INFO - helper 1524 Downloading qt.tools.win64_mingw1310...
2026-04-06 20:05:51,815 - aqt.installer - DEBUG - installer 1524 Download URL: https://download.qt.io/online/qtsdkrepository/windows_x86/desktop/tools_mingw1310/qt.tools.win64_mingw1310/13.1.0-202407240918mingw1310.7z
2026-04-06 20:05:52,248 - aqt.helper - DEBUG - helper 1524 Asked to redirect(302) to: https://mirrors.20i.com/pub/qt.io/online/qtsdkrepository/windows_x86/desktop/tools_mingw1310/qt.tools.win64_mingw1310/13.1.0-202407240918mingw1310.7z
2026-04-06 20:05:52,248 - aqt.helper - INFO - helper 1524 Redirected: mirrors.20i.com
2026-04-06 20:06:18,501 - aqt.installer - INFO - installer 1524 Finished installation of mingw1310.7z in 27.12983070
2026-04-06 20:06:18,611 - aqt.main - INFO - installer 8212 Finished installation
2026-04-06 20:06:18,611 - aqt.main - INFO - installer 8212 Time elapsed: 29.48627290 second
